<?xml version="1.0" encoding="UTF-8"?>
<!-- Generated by org.testng.reporters.JUnitReportReporter -->
<testsuite hostname="DESKTOP-S0MJP0C" failures="0" tests="2" name="testcases.PurchaseProductTest" time="10.734" errors="0" timestamp="2023-06-24T22:10:26 IST" skipped="0">
  <testcase classname="testcases.PurchaseProductTest" name="purchaseProductFromWebsite" time="6.145"/>
  <testcase classname="testcases.PurchaseProductTest" name="loginwebapp" time="4.589"/>
</testsuite> <!-- testcases.PurchaseProductTest -->
