<?xml version="1.0" encoding="UTF-8"?>
<!-- Generated by org.testng.reporters.JUnitReportReporter -->
<testsuite hostname="DESKTOP-S0MJP0C" failures="0" tests="2" name="testcases.PurchaseProductTest" time="8.989" errors="0" timestamp="2023-06-25T13:15:04 IST" skipped="0">
  <testcase classname="testcases.PurchaseProductTest" name="purchaseProductFromWebsite" time="5.398"/>
  <testcase classname="testcases.PurchaseProductTest" name="loginwebapp" time="3.591"/>
</testsuite> <!-- testcases.PurchaseProductTest -->
