<?xml version="1.0" encoding="UTF-8"?>
<!-- Generated by org.testng.reporters.JUnitReportReporter -->
<testsuite hostname="DESKTOP-S0MJP0C" failures="0" tests="1" name="testcases.DemoTest" time="0.010" errors="0" timestamp="2023-06-23T18:31:54 IST" skipped="0">
  <testcase classname="testcases.DemoTest" name="LoginIntopApplication" time="0.010"/>
</testsuite> <!-- testcases.DemoTest -->
