<?xml version="1.0" encoding="UTF-8"?>
<!-- Generated by org.testng.reporters.JUnitReportReporter -->
<testsuite hostname="DESKTOP-S0MJP0C" failures="0" tests="1" name="testcases.SignupTest" time="2.894" errors="0" timestamp="2023-06-24T22:10:26 IST" skipped="0">
  <testcase classname="testcases.SignupTest" name="signUpApplication" time="2.894"/>
</testsuite> <!-- testcases.SignupTest -->
