<?xml version="1.0" encoding="UTF-8"?>
<!-- Generated by org.testng.reporters.JUnitReportReporter -->
<testsuite hostname="G09INXNN36823X1" failures="0" tests="1" name="testcases.SampleTest" time="0.007" errors="0" timestamp="2023-06-22T17:59:37 IST" skipped="0">
  <testcase classname="testcases.SampleTest" name="test1" time="0.007"/>
</testsuite> <!-- testcases.SampleTest -->
