<?xml version="1.0" encoding="UTF-8"?>
<!-- Generated by org.testng.reporters.JUnitReportReporter -->
<testsuite hostname="DESKTOP-S0MJP0C" failures="0" tests="1" name="testcases.SignupTest" time="3.012" errors="0" timestamp="2023-06-25T13:08:23 IST" skipped="0">
  <testcase classname="testcases.SignupTest" name="signUpApplication" time="3.012"/>
</testsuite> <!-- testcases.SignupTest -->
