<?xml version="1.0" encoding="UTF-8"?>
<!-- Generated by org.testng.reporters.JUnitReportReporter -->
<testsuite hostname="DESKTOP-S0MJP0C" failures="0" tests="1" name="testcases.LoginTest2Test" time="4.866" errors="0" timestamp="2023-06-24T22:10:26 IST" skipped="0">
  <testcase classname="testcases.LoginTest2Test" name="LoginIntopApplication" time="4.866"/>
</testsuite> <!-- testcases.LoginTest2Test -->
