<?xml version="1.0" encoding="UTF-8"?>
<!-- Generated by org.testng.reporters.JUnitReportReporter -->
<testsuite hostname="DESKTOP-S0MJP0C" failures="0" tests="1" name="testcases.LoginTest2Test" time="4.601" errors="0" timestamp="2023-06-25T14:14:53 IST" skipped="0">
  <testcase classname="testcases.LoginTest2Test" name="LoginIntopApplication" time="4.601"/>
</testsuite> <!-- testcases.LoginTest2Test -->
